<?xml version="1.0" encoding="UTF-8"?>
<!-- Generated by org.testng.reporters.JUnitReportReporter -->
<testsuite hostname="Tarun" failures="0" tests="1" name="com.united.qa.testcases.CompleteAssignmentTest" time="174.240" errors="0" timestamp="2023-09-13T16:01:54 IST" skipped="0">
  <testcase classname="com.united.qa.testcases.CompleteAssignmentTest" name="completeAssignmentTest" time="174.240"/>
  <system-out/>
</testsuite> <!-- com.united.qa.testcases.CompleteAssignmentTest -->
