<?xml version="1.0" encoding="UTF-8"?>
<!-- Generated by org.testng.reporters.JUnitReportReporter -->
<testsuite hostname="Tarun" failures="0" tests="3" name="com.united.qa.testcases.LoginPageTest" time="23.434" errors="0" timestamp="2023-09-12T18:27:22 IST" skipped="0">
  <testcase classname="com.united.qa.testcases.LoginPageTest" name="loginPageTitleTest" time="8.497"/>
  <system-out/>
  <testcase classname="com.united.qa.testcases.LoginPageTest" name="imageLogoTest" time="6.426"/>
  <system-out/>
  <testcase classname="com.united.qa.testcases.LoginPageTest" name="loginTest" time="8.511"/>
  <system-out/>
</testsuite> <!-- com.united.qa.testcases.LoginPageTest -->
