<?xml version="1.0" encoding="UTF-8"?>
<!-- Generated by org.testng.reporters.JUnitReportReporter -->
<testsuite hostname="Tarun" failures="0" tests="1" name="com.united.qa.testcases.CompleteAssignmentTest" time="173.300" errors="0" timestamp="2023-09-13T15:49:00 IST" skipped="0">
  <testcase classname="com.united.qa.testcases.CompleteAssignmentTest" name="completeAssignmentTest" time="173.300"/>
  <system-out/>
</testsuite> <!-- com.united.qa.testcases.CompleteAssignmentTest -->
