<?xml version="1.0" encoding="UTF-8"?>
<!-- Generated by org.testng.reporters.JUnitReportReporter -->
<testsuite hostname="Tarun" failures="0" tests="1" name="com.united.qa.testcases.AddCommandPageTest" time="72.572" errors="0" timestamp="2023-09-13T14:57:46 IST" skipped="0">
  <testcase classname="com.united.qa.testcases.AddCommandPageTest" name="uploadFileTest" time="72.572"/>
  <system-out/>
</testsuite> <!-- com.united.qa.testcases.AddCommandPageTest -->
