<?xml version="1.0" encoding="UTF-8"?>
<!-- Generated by org.testng.reporters.JUnitReportReporter -->
<testsuite hostname="Tarun" failures="0" tests="1" name="com.united.qa.testcases.MyAssignmentsPageTest" time="102.129" errors="0" timestamp="2023-09-13T16:15:02 IST" skipped="0">
  <testcase classname="com.united.qa.testcases.MyAssignmentsPageTest" name="myAssignmentsPageTest" time="102.129"/>
  <system-out/>
</testsuite> <!-- com.united.qa.testcases.MyAssignmentsPageTest -->
