<?xml version="1.0" encoding="UTF-8"?>
<!-- Generated by org.testng.reporters.JUnitReportReporter -->
<testsuite hostname="Tarun" failures="0" tests="3" name="com.united.qa.testcases.HomePageTest" time="108.336" errors="0" timestamp="2023-09-12T18:29:36 IST" skipped="0">
  <testcase classname="com.united.qa.testcases.HomePageTest" name="homePageTitleTest" time="39.039"/>
  <system-out/>
  <testcase classname="com.united.qa.testcases.HomePageTest" name="verifyImageLogoTest" time="36.740"/>
  <system-out/>
  <testcase classname="com.united.qa.testcases.HomePageTest" name="clickMyAssignmentsLinkTest" time="32.557"/>
  <system-out/>
</testsuite> <!-- com.united.qa.testcases.HomePageTest -->
